<?xml version="1.0" encoding="UTF-8"?>
<coverage generated="1680025686812" clover="3.2.0">
  <project timestamp="1680025686813" name="All files">
    <metrics statements="19" coveredstatements="18" conditionals="7" coveredconditionals="6" methods="4" coveredmethods="4" elements="30" coveredelements="28" complexity="0" loc="19" ncloc="19" packages="1" files="1" classes="1"/>
    <file name="Roller.ts" path="/sandbox/src/Roller.ts">
      <metrics statements="19" coveredstatements="18" conditionals="7" coveredconditionals="6" methods="4" coveredmethods="4"/>
      <line num="1" count="1" type="stmt"/>
      <line num="10" count="11" type="cond" truecount="2" falsecount="0"/>
      <line num="11" count="1" type="stmt"/>
      <line num="14" count="10" type="stmt"/>
      <line num="16" count="11" type="stmt"/>
      <line num="17" count="11" type="stmt"/>
      <line num="18" count="86" type="stmt"/>
      <line num="34" count="12" type="cond" truecount="3" falsecount="0"/>
      <line num="35" count="2" type="stmt"/>
      <line num="37" count="10" type="stmt"/>
      <line num="38" count="10" type="stmt"/>
      <line num="39" count="10" type="stmt"/>
      <line num="45" count="3" type="cond" truecount="1" falsecount="1"/>
      <line num="46" count="0" type="stmt"/>
      <line num="49" count="3" type="stmt"/>
      <line num="60" count="3" type="stmt"/>
      <line num="61" count="3" type="stmt"/>
      <line num="62" count="24" type="stmt"/>
      <line num="64" count="3" type="stmt"/>
    </file>
  </project>
</coverage>
