{"/sandbox/src/Roller.ts": {"path":"/sandbox/src/Roller.ts","statementMap":{"0":{"start":{"line":10,"column":8},"end":{"line":15,"column":null}},"1":{"start":{"line":11,"column":12},"end":{"line":11,"column":28}},"2":{"start":{"line":14,"column":12},"end":{"line":14,"column":32}},"3":{"start":{"line":16,"column":8},"end":{"line":16,"column":54}},"4":{"start":{"line":17,"column":8},"end":{"line":19,"column":null}},"5":{"start":{"line":17,"column":18},"end":{"line":17,"column":19}},"6":{"start":{"line":18,"column":12},"end":{"line":18,"column":40}},"7":{"start":{"line":34,"column":8},"end":{"line":36,"column":null}},"8":{"start":{"line":35,"column":12},"end":{"line":35,"column":21}},"9":{"start":{"line":37,"column":8},"end":{"line":37,"column":27}},"10":{"start":{"line":38,"column":8},"end":{"line":38,"column":71}},"11":{"start":{"line":39,"column":8},"end":{"line":39,"column":21}},"12":{"start":{"line":45,"column":8},"end":{"line":50,"column":null}},"13":{"start":{"line":46,"column":12},"end":{"line":46,"column":21}},"14":{"start":{"line":49,"column":12},"end":{"line":49,"column":30}},"15":{"start":{"line":60,"column":23},"end":{"line":60,"column":48}},"16":{"start":{"line":61,"column":8},"end":{"line":63,"column":null}},"17":{"start":{"line":61,"column":18},"end":{"line":61,"column":19}},"18":{"start":{"line":62,"column":12},"end":{"line":62,"column":53}},"19":{"start":{"line":64,"column":8},"end":{"line":64,"column":22}},"20":{"start":{"line":1,"column":0},"end":{"line":1,"column":13}}},"fnMap":{"0":{"name":"(anonymous_0)","decl":{"start":{"line":9,"column":4},"end":{"line":9,"column":16}},"loc":{"start":{"line":9,"column":29},"end":{"line":21,"column":5}}},"1":{"name":"(anonymous_1)","decl":{"start":{"line":33,"column":4},"end":{"line":33,"column":8}},"loc":{"start":{"line":33,"column":22},"end":{"line":40,"column":5}}},"2":{"name":"(anonymous_2)","decl":{"start":{"line":44,"column":4},"end":{"line":44,"column":8}},"loc":{"start":{"line":44,"column":8},"end":{"line":52,"column":5}}},"3":{"name":"(anonymous_3)","decl":{"start":{"line":59,"column":4},"end":{"line":59,"column":16}},"loc":{"start":{"line":59,"column":16},"end":{"line":65,"column":5}}}},"branchMap":{"0":{"loc":{"start":{"line":10,"column":8},"end":{"line":15,"column":null}},"type":"if","locations":[{"start":{"line":10,"column":8},"end":{"line":15,"column":null}},{"start":{"line":13,"column":12},"end":{"line":15,"column":null}}]},"1":{"loc":{"start":{"line":34,"column":8},"end":{"line":36,"column":null}},"type":"if","locations":[{"start":{"line":34,"column":8},"end":{"line":36,"column":null}}]},"2":{"loc":{"start":{"line":34,"column":11},"end":{"line":34,"column":39}},"type":"binary-expr","locations":[{"start":{"line":34,"column":11},"end":{"line":34,"column":18}},{"start":{"line":34,"column":22},"end":{"line":34,"column":39}}]},"3":{"loc":{"start":{"line":45,"column":8},"end":{"line":50,"column":null}},"type":"if","locations":[{"start":{"line":45,"column":8},"end":{"line":50,"column":null}},{"start":{"line":48,"column":12},"end":{"line":50,"column":null}}]}},"s":{"0":11,"1":1,"2":10,"3":11,"4":11,"5":11,"6":86,"7":12,"8":2,"9":10,"10":10,"11":10,"12":3,"13":0,"14":3,"15":3,"16":3,"17":3,"18":24,"19":3,"20":1},"f":{"0":11,"1":12,"2":3,"3":3},"b":{"0":[1,10],"1":[2],"2":[12,11],"3":[0,3]}}
}
